# JRE version: Java(TM) SE Runtime Environment (8.0_25-b17) (build 1.8.0_25-b17)
# Java VM: Java HotSpot(TM) 64-Bit Server VM (25.25-b02 mixed mode linux-amd64 compressed oops)
Heap:
 PSYoungGen      total 63488K, used 2016K [0x00000000ecb80000, 0x00000000f0b80000, 0x0000000100000000)
  eden space 61440K, 0% used [0x00000000ecb80000,0x00000000ecb80000,0x00000000f0780000)
  from space 2048K, 98% used [0x00000000f0780000,0x00000000f0978020,0x00000000f0980000)
  to   space 2048K, 0% used [0x00000000f0980000,0x00000000f0980000,0x00000000f0b80000)
 ParOldGen       total 39936K, used 16636K [0x00000000c6200000, 0x00000000c8900000, 0x00000000ecb80000)
  object space 39936K, 41% used [0x00000000c6200000,0x00000000c723f3b8,0x00000000c8900000)
 Metaspace       used 17738K, capacity 18222K, committed 18560K, reserved 1064960K
  class space    used 2188K, capacity 2320K, committed 2432K, reserved 1048576K
GC Heap History (9 events):
Event: 6,340 GC heap before
{Heap before GC invocations=1 (full 0):
 PSYoungGen      total 17408K, used 15360K [0x00000000ecb80000, 0x00000000ede80000, 0x0000000100000000)
  eden space 15360K, 100% used [0x00000000ecb80000,0x00000000eda80000,0x00000000eda80000)
  from space 2048K, 0% used [0x00000000edc80000,0x00000000edc80000,0x00000000ede80000)
  to   space 2048K, 0% used [0x00000000eda80000,0x00000000eda80000,0x00000000edc80000)
 ParOldGen       total 39936K, used 0K [0x00000000c6200000, 0x00000000c8900000, 0x00000000ecb80000)
  object space 39936K, 0% used [0x00000000c6200000,0x00000000c6200000,0x00000000c8900000)
 Metaspace       used 6662K, capacity 6880K, committed 7040K, reserved 1056768K
  class space    used 804K, capacity 892K, committed 896K, reserved 1048576K
Event: 6,920 GC heap after
Heap after GC invocations=1 (full 0):
 PSYoungGen      total 17408K, used 2039K [0x00000000ecb80000, 0x00000000eed80000, 0x0000000100000000)
  eden space 15360K, 0% used [0x00000000ecb80000,0x00000000ecb80000,0x00000000eda80000)
  from space 2048K, 99% used [0x00000000eda80000,0x00000000edc7dcc0,0x00000000edc80000)
  to   space 2048K, 0% used [0x00000000eeb80000,0x00000000eeb80000,0x00000000eed80000)
 ParOldGen       total 39936K, used 1124K [0x00000000c6200000, 0x00000000c8900000, 0x00000000ecb80000)
  object space 39936K, 2% used [0x00000000c6200000,0x00000000c6319060,0x00000000c8900000)
 Metaspace       used 6662K, capacity 6880K, committed 7040K, reserved 1056768K
  class space    used 804K, capacity 892K, committed 896K, reserved 1048576K
}
Event: 8,671 GC heap before
{Heap before GC invocations=2 (full 0):
 PSYoungGen      total 17408K, used 17399K [0x00000000ecb80000, 0x00000000eed80000, 0x0000000100000000)
  eden space 15360K, 100% used [0x00000000ecb80000,0x00000000eda80000,0x00000000eda80000)
  from space 2048K, 99% used [0x00000000eda80000,0x00000000edc7dcc0,0x00000000edc80000)
  to   space 2048K, 0% used [0x00000000eeb80000,0x00000000eeb80000,0x00000000eed80000)
 ParOldGen       total 39936K, used 1124K [0x00000000c6200000, 0x00000000c8900000, 0x00000000ecb80000)
  object space 39936K, 2% used [0x00000000c6200000,0x00000000c6319060,0x00000000c8900000)
 Metaspace       used 7272K, capacity 7526K, committed 7680K, reserved 1056768K
  class space    used 900K, capacity 957K, committed 1024K, reserved 1048576K
Event: 8,683 GC heap after
Heap after GC invocations=2 (full 0):
 PSYoungGen      total 32768K, used 2034K [0x00000000ecb80000, 0x00000000eed80000, 0x0000000100000000)
  eden space 30720K, 0% used [0x00000000ecb80000,0x00000000ecb80000,0x00000000ee980000)
  from space 2048K, 99% used [0x00000000eeb80000,0x00000000eed7cb20,0x00000000eed80000)
  to   space 2048K, 0% used [0x00000000ee980000,0x00000000ee980000,0x00000000eeb80000)
 ParOldGen       total 39936K, used 1279K [0x00000000c6200000, 0x00000000c8900000, 0x00000000ecb80000)
  object space 39936K, 3% used [0x00000000c6200000,0x00000000c633fdb8,0x00000000c8900000)
 Metaspace       used 7272K, capacity 7526K, committed 7680K, reserved 1056768K
  class space    used 900K, capacity 957K, committed 1024K, reserved 1048576K
}
Event: 12,829 GC heap before
{Heap before GC invocations=3 (full 0):
 PSYoungGen      total 32768K, used 32754K [0x00000000ecb80000, 0x00000000eed80000, 0x0000000100000000)
  eden space 30720K, 100% used [0x00000000ecb80000,0x00000000ee980000,0x00000000ee980000)
  from space 2048K, 99% used [0x00000000eeb80000,0x00000000eed7cb20,0x00000000eed80000)
  to   space 2048K, 0% used [0x00000000ee980000,0x00000000ee980000,0x00000000eeb80000)
 ParOldGen       total 39936K, used 1279K [0x00000000c6200000, 0x00000000c8900000, 0x00000000ecb80000)
  object space 39936K, 3% used [0x00000000c6200000,0x00000000c633fdb8,0x00000000c8900000)
 Metaspace       used 10966K, capacity 11148K, committed 11520K, reserved 1058816K
  class space    used 1367K, capacity 1412K, committed 1536K, reserved 1048576K
Event: 12,847 GC heap after
Heap after GC invocations=3 (full 0):
 PSYoungGen      total 32768K, used 2032K [0x00000000ecb80000, 0x00000000f0b80000, 0x0000000100000000)
  eden space 30720K, 0% used [0x00000000ecb80000,0x00000000ecb80000,0x00000000ee980000)
  from space 2048K, 99% used [0x00000000ee980000,0x00000000eeb7c010,0x00000000eeb80000)
  to   space 2048K, 0% used [0x00000000f0980000,0x00000000f0980000,0x00000000f0b80000)
 ParOldGen       total 39936K, used 4960K [0x00000000c6200000, 0x00000000c8900000, 0x00000000ecb80000)
  object space 39936K, 12% used [0x00000000c6200000,0x00000000c66d8088,0x00000000c8900000)
 Metaspace       used 10966K, capacity 11148K, committed 11520K, reserved 1058816K
  class space    used 1367K, capacity 1412K, committed 1536K, reserved 1048576K
}
Event: 16,547 GC heap before
{Heap before GC invocations=4 (full 0):
 PSYoungGen      total 32768K, used 32752K [0x00000000ecb80000, 0x00000000f0b80000, 0x0000000100000000)
  eden space 30720K, 100% used [0x00000000ecb80000,0x00000000ee980000,0x00000000ee980000)
  from space 2048K, 99% used [0x00000000ee980000,0x00000000eeb7c010,0x00000000eeb80000)
  to   space 2048K, 0% used [0x00000000f0980000,0x00000000f0980000,0x00000000f0b80000)
 ParOldGen       total 39936K, used 4960K [0x00000000c6200000, 0x00000000c8900000, 0x00000000ecb80000)
  object space 39936K, 12% used [0x00000000c6200000,0x00000000c66d8088,0x00000000c8900000)
 Metaspace       used 12919K, capacity 13298K, committed 13440K, reserved 1060864K
  class space    used 1584K, capacity 1656K, committed 1664K, reserved 1048576K
Event: 16,563 GC heap after
Heap after GC invocations=4 (full 0):
 PSYoungGen      total 63488K, used 2032K [0x00000000ecb80000, 0x00000000f0b80000, 0x0000000100000000)
  eden space 61440K, 0% used [0x00000000ecb80000,0x00000000ecb80000,0x00000000f0780000)
  from space 2048K, 99% used [0x00000000f0980000,0x00000000f0b7c010,0x00000000f0b80000)
  to   space 2048K, 0% used [0x00000000f0780000,0x00000000f0780000,0x00000000f0980000)
 ParOldGen       total 39936K, used 8025K [0x00000000c6200000, 0x00000000c8900000, 0x00000000ecb80000)
  object space 39936K, 20% used [0x00000000c6200000,0x00000000c69d67e0,0x00000000c8900000)
 Metaspace       used 12919K, capacity 13298K, committed 13440K, reserved 1060864K
  class space    used 1584K, capacity 1656K, committed 1664K, reserved 1048576K
}
Event: 21,469 GC heap before
{Heap before GC invocations=5 (full 0):
 PSYoungGen      total 63488K, used 63472K [0x00000000ecb80000, 0x00000000f0b80000, 0x0000000100000000)
  eden space 61440K, 100% used [0x00000000ecb80000,0x00000000f0780000,0x00000000f0780000)
  from space 2048K, 99% used [0x00000000f0980000,0x00000000f0b7c010,0x00000000f0b80000)
  to   space 2048K, 0% used [0x00000000f0780000,0x00000000f0780000,0x00000000f0980000)
 ParOldGen       total 39936K, used 8025K [0x00000000c6200000, 0x00000000c8900000, 0x00000000ecb80000)
  object space 39936K, 20% used [0x00000000c6200000,0x00000000c69d67e0,0x00000000c8900000)
 Metaspace       used 17738K, capacity 18222K, committed 18560K, reserved 1064960K
  class space    used 2188K, capacity 2320K, committed 2432K, reserved 1048576K

